<?xml version="1.0" encoding="UTF-8"?>
<testng-results skipped="0" failed="0" ignored="0" total="1" passed="1">
  <reporter-output>
  </reporter-output>
  <suite name="Command line suite" duration-ms="11" started-at="2018-01-22T12:32:40Z" finished-at="2018-01-22T12:32:40Z">
    <groups>
    </groups>
    <test name="Command line test" duration-ms="11" started-at="2018-01-22T12:32:40Z" finished-at="2018-01-22T12:32:40Z">
      <class name="doub_test_case.AppTest">
        <test-method status="PASS" signature="testApp()[pri:0, instance:testApp(doub_test_case.AppTest)]" name="testApp" duration-ms="3" started-at="2018-01-22T20:32:40Z" finished-at="2018-01-22T20:32:40Z">
          <reporter-output>
          </reporter-output>
        </test-method> <!-- testApp -->
      </class> <!-- doub_test_case.AppTest -->
    </test> <!-- Command line test -->
  </suite> <!-- Command line suite -->
</testng-results>
